2015-08-17 17:46:31,929 [myid:] - INFO  [main:QuorumPeerConfig@103] - Reading configuration from: /usr/local/zookeeper/bin/../conf/zoo.cfg
2015-08-17 17:46:31,941 [myid:] - ERROR [main:QuorumPeerConfig@289] - Invalid configuration, only one server specified (ignoring)
2015-08-17 17:46:31,943 [myid:] - INFO  [main:DatadirCleanupManager@78] - autopurge.snapRetainCount set to 500
2015-08-17 17:46:31,944 [myid:] - INFO  [main:DatadirCleanupManager@79] - autopurge.purgeInterval set to 24
2015-08-17 17:46:31,951 [myid:] - WARN  [main:QuorumPeerMain@113] - Either no config or no quorum defined in config, running  in standalone mode
2015-08-17 17:46:31,970 [myid:] - INFO  [PurgeTask:DatadirCleanupManager$PurgeTask@138] - Purge task started.
2015-08-17 17:46:31,992 [myid:] - INFO  [main:QuorumPeerConfig@103] - Reading configuration from: /usr/local/zookeeper/bin/../conf/zoo.cfg
2015-08-17 17:46:31,992 [myid:] - ERROR [main:QuorumPeerConfig@289] - Invalid configuration, only one server specified (ignoring)
2015-08-17 17:46:31,993 [myid:] - INFO  [main:ZooKeeperServerMain@95] - Starting server
2015-08-17 17:46:31,998 [myid:] - INFO  [PurgeTask:DatadirCleanupManager$PurgeTask@144] - Purge task completed.
2015-08-17 17:46:32,005 [myid:] - INFO  [main:Environment@100] - Server environment:zookeeper.version=3.4.6-1569965, built on 02/20/2014 09:09 GMT
2015-08-17 17:46:32,005 [myid:] - INFO  [main:Environment@100] - Server environment:host.name=vmware-199
2015-08-17 17:46:32,005 [myid:] - INFO  [main:Environment@100] - Server environment:java.version=1.8.0_51
2015-08-17 17:46:32,005 [myid:] - INFO  [main:Environment@100] - Server environment:java.vendor=Oracle Corporation
2015-08-17 17:46:32,005 [myid:] - INFO  [main:Environment@100] - Server environment:java.home=/usr/local/jdk1.8.0_51/jre
2015-08-17 17:46:32,005 [myid:] - INFO  [main:Environment@100] - Server environment:java.class.path=/usr/local/zookeeper/bin/../build/classes:/usr/local/zookeeper/bin/../build/lib/*.jar:/usr/local/zookeeper/bin/../lib/slf4j-log4j12-1.6.1.jar:/usr/local/zookeeper/bin/../lib/slf4j-api-1.6.1.jar:/usr/local/zookeeper/bin/../lib/netty-3.7.0.Final.jar:/usr/local/zookeeper/bin/../lib/log4j-1.2.16.jar:/usr/local/zookeeper/bin/../lib/jline-0.9.94.jar:/usr/local/zookeeper/bin/../zookeeper-3.4.6.jar:/usr/local/zookeeper/bin/../src/java/lib/*.jar:/usr/local/zookeeper/bin/../conf:/usr/local/java/lib:/usr/local/java/lib/tools.jar
2015-08-17 17:46:32,008 [myid:] - INFO  [main:Environment@100] - Server environment:java.library.path=/usr/java/packages/lib/amd64:/usr/lib64:/lib64:/lib:/usr/lib
2015-08-17 17:46:32,008 [myid:] - INFO  [main:Environment@100] - Server environment:java.io.tmpdir=/tmp
2015-08-17 17:46:32,008 [myid:] - INFO  [main:Environment@100] - Server environment:java.compiler=<NA>
2015-08-17 17:46:32,008 [myid:] - INFO  [main:Environment@100] - Server environment:os.name=Linux
2015-08-17 17:46:32,008 [myid:] - INFO  [main:Environment@100] - Server environment:os.arch=amd64
2015-08-17 17:46:32,008 [myid:] - INFO  [main:Environment@100] - Server environment:os.version=3.10.0-229.el7.x86_64
2015-08-17 17:46:32,009 [myid:] - INFO  [main:Environment@100] - Server environment:user.name=root
2015-08-17 17:46:32,009 [myid:] - INFO  [main:Environment@100] - Server environment:user.home=/root
2015-08-17 17:46:32,009 [myid:] - INFO  [main:Environment@100] - Server environment:user.dir=/data/install_bash
2015-08-17 17:46:32,010 [myid:] - INFO  [main:ZooKeeperServer@755] - tickTime set to 2000
2015-08-17 17:46:32,010 [myid:] - INFO  [main:ZooKeeperServer@764] - minSessionTimeout set to -1
2015-08-17 17:46:32,025 [myid:] - INFO  [main:ZooKeeperServer@773] - maxSessionTimeout set to -1
2015-08-17 17:46:32,052 [myid:] - INFO  [main:NIOServerCnxnFactory@94] - binding to port 0.0.0.0/0.0.0.0:2181
